<?xml version="1.0" encoding="UTF-8"?>
<testsuite xmlns:xsi="http://www.w3.org/2001/XMLSchema-instance" xsi:noNamespaceSchemaLocation="https://maven.apache.org/surefire/maven-surefire-plugin/xsd/surefire-test-report.xsd" name="com.javadevjournal.ProductControllerTest" time="4.863" tests="3" errors="0" skipped="0" failures="0">
  <properties>
[...]
</properties>
  <testcase name="getProductById" classname="com.javadevjournal.ProductControllerTest" time="0.718"/>
  <testcase name="getProductByIdResponseFieldDocumentation" classname="com.javadevjournal.ProductControllerTest" time="0.107"/>
  <testcase name="shouldReturnProductCode" classname="com.javadevjournal.ProductControllerTest" time="0.028"/>
</testsuite>